<?xml version="1.0" encoding="UTF-8"?>
<robot generator="Robot 7.1 (Python 3.12.3 on win32)" generated="2025-06-03T19:00:22.625567" rpa="false" schemaversion="5">
<suite id="s1" name="Cart" source="C:\Users\NetBossTieTheHeart\Documents\GitHub\web-sauce-demo-browserlib-robot\test\cart.robot">
<kw name="Open New Browser" owner="common" type="SETUP">
<kw name="New Browser" owner="Browser">
<msg time="2025-06-03T19:00:22.843991" level="INFO">{"browser": "chromium", "headless": false, "args": ["--start-maximized"], "chromiumSandbox": false, "devtools": false, "handleSIGHUP": true, "handleSIGINT": true, "handleSIGTERM": true, "slowMo": 0.0, "timeout": 30000.0, "tracesDir": "C:\\Users\\NetBossTieTheHeart\\Documents\\GitHub\\web-sauce-demo-browserlib-robot\\browser\\traces\\temp\\a266c218-d6f1-4163-af29-07ec1553f4fe"}</msg>
<msg time="2025-06-03T19:00:22.860916" level="INFO">Starting Browser process C:\Users\NetBossTieTheHeart\AppData\Local\Programs\Python\Python312\Lib\site-packages\Browser\wrapper\index.js using at 127.0.0.1:56297</msg>
<msg time="2025-06-03T19:00:24.558851" level="INFO">Successfully created browser with options: {"browser":"chromium","headless":false,"args":["--start-maximized"],"chromiumSandbox":false,"devtools":false,"handleSIGHUP":true,"handleSIGINT":true,"handleSIGTERM":true,"slowMo":0,"timeout":30000,"tracesDir":"C:\\Users\\NetBossTieTheHeart\\Documents\\GitHub\\web-sauce-demo-browserlib-robot\\browser\\traces\\temp\\a266c218-d6f1-4163-af29-07ec1553f4fe"}</msg>
<arg>${browser}</arg>
<arg>headless=${False}</arg>
<arg>args=["--start-maximized"]</arg>
<tag>BrowserControl</tag>
<tag>Setter</tag>
<doc>Create a new playwright Browser with specified options.</doc>
<status status="PASS" start="2025-06-03T19:00:22.842994" elapsed="1.715857"/>
</kw>
<kw name="New Context" owner="Browser">
<msg time="2025-06-03T19:00:24.562841" level="INFO">{
  "acceptDownloads": true,
  "bypassCSP": false,
  "forcedColors": "none",
  "ignoreHTTPSErrors": false,
  "javaScriptEnabled": true,
  "offline": false,
  "reducedMotion": "no-preference",
  "serviceWorkers": "allow",
  "viewport": null
}</msg>
<msg time="2025-06-03T19:00:24.589768" level="INFO">Successfully created context. </msg>
<msg time="2025-06-03T19:00:24.589768" level="INFO">{'acceptDownloads': True, 'bypassCSP': False, 'forcedColors': 'none', 'ignoreHTTPSErrors': False, 'javaScriptEnabled': True, 'offline': False, 'reducedMotion': 'no-preference', 'serviceWorkers': 'allow', 'viewport': None}</msg>
<arg>viewport=${None}</arg>
<tag>BrowserControl</tag>
<tag>Setter</tag>
<doc>Create a new BrowserContext with specified options.</doc>
<status status="PASS" start="2025-06-03T19:00:24.558851" elapsed="0.031915"/>
</kw>
<kw name="New Page" owner="Browser">
<msg time="2025-06-03T19:00:25.825076" level="INFO">Successfully initialized new page object and opened url: https://www.saucedemo.com/</msg>
<arg>${url}</arg>
<tag>BrowserControl</tag>
<tag>Setter</tag>
<doc>Open a new Page.</doc>
<status status="PASS" start="2025-06-03T19:00:24.590766" elapsed="1.235303"/>
</kw>
<doc>Open Browser and maximize it.</doc>
<status status="PASS" start="2025-06-03T19:00:22.841999" elapsed="2.984070"/>
</kw>
<test id="s1-t1" name="TC1-Go to Cart Page" line="6">
<kw name="Login User" owner="common">
<kw name="Fill Text" owner="Browser">
<msg time="2025-06-03T19:00:25.837039" level="INFO">Fills the text 'standard_user' in the given field.</msg>
<arg>${username_input}</arg>
<arg>${user}</arg>
<tag>PageContent</tag>
<tag>Setter</tag>
<doc>Clears and fills the given ``txt`` into the text field found by ``selector``.</doc>
<status status="PASS" start="2025-06-03T19:00:25.837039" elapsed="0.038898"/>
</kw>
<kw name="Fill Text" owner="Browser">
<msg time="2025-06-03T19:00:25.876935" level="INFO">Fills the text 'secret_sauce' in the given field.</msg>
<arg>${password_input}</arg>
<arg>${pass}</arg>
<tag>PageContent</tag>
<tag>Setter</tag>
<doc>Clears and fills the given ``txt`` into the text field found by ``selector``.</doc>
<status status="PASS" start="2025-06-03T19:00:25.876935" elapsed="0.015955"/>
</kw>
<kw name="Sleep" owner="BuiltIn">
<msg time="2025-06-03T19:00:26.893130" level="INFO">Slept 1 second.</msg>
<arg>1</arg>
<doc>Pauses the test executed for the given time.</doc>
<status status="PASS" start="2025-06-03T19:00:25.892890" elapsed="1.000240"/>
</kw>
<kw name="Click" owner="Browser">
<msg time="2025-06-03T19:00:26.893130" level="INFO">Clicks the element 'id=login-button'.</msg>
<msg time="2025-06-03T19:00:26.946989" level="INFO">Keyword 'Take Screenshot  fail-screenshot-{index}' could not be run on failure:
Error: Tried to take screenshot, but no page was open.</msg>
<msg time="2025-06-03T19:00:26.946989" level="INFO">See also file:///C:/Users/NetBossTieTheHeart/Documents/GitHub/web-sauce-demo-browserlib-robot/playwright-log.txt for additional details.</msg>
<msg time="2025-06-03T19:00:26.947985" level="FAIL">Error: Could not find active page</msg>
<arg>${submit_btn}</arg>
<tag>PageContent</tag>
<tag>Setter</tag>
<doc>Simulates mouse click on the element found by ``selector``.</doc>
<status status="FAIL" start="2025-06-03T19:00:26.893130" elapsed="0.058843">Error: Could not find active page</status>
</kw>
<arg>${username['std']}</arg>
<arg>${password}</arg>
<doc>login with username and password</doc>
<status status="FAIL" start="2025-06-03T19:00:25.835046" elapsed="1.116927">Error: Could not find active page</status>
</kw>
<kw name="Go to Cart Page" owner="common">
<doc>check that cart link is visible or not then go to cart.</doc>
<status status="NOT RUN" start="2025-06-03T19:00:26.952970" elapsed="0.000000"/>
</kw>
<kw name="Element is Visible" owner="common">
<arg>${cart_h}</arg>
<doc>check that element is Visible</doc>
<status status="NOT RUN" start="2025-06-03T19:00:26.952970" elapsed="0.000000"/>
</kw>
<doc>Verify that you're arrived at cart page.</doc>
<status status="FAIL" start="2025-06-03T19:00:25.826069" elapsed="1.127898">Error: Could not find active page</status>
</test>
<test id="s1-t2" name="TC2-Add Items" line="12">
<kw name="Go to Product Page" owner="common">
<kw name="Element is Visible" owner="common">
<kw name="Run Keyword And Return Status" owner="BuiltIn">
<kw name="Wait For Elements State" owner="Browser">
<errors>
<msg time="2025-06-03T19:00:40.653158" level="ERROR">Execution stopped by user.</msg>
</errors>
</robot>
